<?xml version="1.0" encoding="UTF-8"?>
<!-- Generated by org.testng.reporters.JUnitReportReporter -->
<testsuite skipped="0" hostname="DESKTOP-DSBJOCJ" name="test.AccountTest" tests="30" failures="0" timestamp="2020-07-26T19:05:25 CEST" time="21.722" errors="0">
  <testcase name="clickSignInLink" time="5.836" classname="test.AccountTest"/>
  <system-out/>
  <testcase name="verifyURL" time="0.060" classname="test.AccountTest"/>
  <system-out/>
  <testcase name="enterEmail" time="0.854" classname="test.AccountTest"/>
  <system-out/>
  <testcase name="submit" time="0.155" classname="test.AccountTest"/>
  <system-out/>
  <testcase name="clickGender" time="2.967" classname="test.AccountTest"/>
  <system-out/>
  <testcase name="enterName" time="0.287" classname="test.AccountTest"/>
  <system-out/>
  <testcase name="enterLastName" time="0.385" classname="test.AccountTest"/>
  <system-out/>
  <testcase name="verifyEmail" time="0.102" classname="test.AccountTest"/>
  <system-out/>
  <testcase name="password" time="0.220" classname="test.AccountTest"/>
  <system-out/>
  <testcase name="selectday" time="0.645" classname="test.AccountTest"/>
  <system-out/>
  <testcase name="selectMonth" time="0.318" classname="test.AccountTest"/>
  <system-out/>
  <testcase name="selectYear" time="0.717" classname="test.AccountTest"/>
  <system-out/>
  <testcase name="checkbox" time="0.158" classname="test.AccountTest"/>
  <system-out/>
  <testcase name="recieved" time="0.063" classname="test.AccountTest"/>
  <system-out/>
  <testcase name="verifyName" time="0.042" classname="test.AccountTest"/>
  <system-out/>
  <testcase name="verifylastName" time="0.036" classname="test.AccountTest"/>
  <system-out/>
  <testcase name="enterCompany" time="0.201" classname="test.AccountTest"/>
  <system-out/>
  <testcase name="enterAdderss" time="0.196" classname="test.AccountTest"/>
  <system-out/>
  <testcase name="enterCity" time="0.282" classname="test.AccountTest"/>
  <system-out/>
  <testcase name="selectState" time="0.432" classname="test.AccountTest"/>
  <system-out/>
  <testcase name="enterCode" time="0.231" classname="test.AccountTest"/>
  <system-out/>
  <testcase name="selectCountry" time="0.230" classname="test.AccountTest"/>
  <system-out/>
  <testcase name="addInfo" time="0.300" classname="test.AccountTest"/>
  <system-out/>
  <testcase name="addPhone" time="0.204" classname="test.AccountTest"/>
  <system-out/>
  <testcase name="addMobile" time="0.221" classname="test.AccountTest"/>
  <system-out/>
  <testcase name="addressAlias" time="0.293" classname="test.AccountTest"/>
  <system-out/>
  <testcase name="createAccount" time="2.285" classname="test.AccountTest"/>
  <system-out/>
  <testcase name="verifyAccountURL" time="0.022" classname="test.AccountTest"/>
  <system-out/>
  <testcase name="logOut" time="3.965" classname="test.AccountTest"/>
  <system-out/>
  <testcase name="verifyAuthURL" time="0.015" classname="test.AccountTest"/>
  <system-out/>
</testsuite> <!-- test.AccountTest -->
