<?xml version="1.0" encoding="UTF-8"?>
<!-- Generated by org.testng.reporters.JUnitReportReporter -->
<testsuite skipped="0" hostname="DESKTOP-DSBJOCJ" name="test.DeleteWishlistTest" tests="2" failures="0" timestamp="2020-08-23T22:05:45 CEST" time="5.522" errors="0">
  <testcase name="logIn" time="5.388" classname="test.DeleteWishlistTest"/>
  <system-out/>
  <testcase name="delete" time="0.134" classname="test.DeleteWishlistTest"/>
  <system-out/>
</testsuite> <!-- test.DeleteWishlistTest -->
