<?xml version="1.0" encoding="UTF-8"?>
<!-- Generated by org.testng.reporters.JUnitReportReporter -->
<testsuite skipped="0" hostname="DESKTOP-DSBJOCJ" name="test.TC4Test" tests="5" failures="0" timestamp="2020-07-26T20:18:08 CEST" time="13.263" errors="0">
  <testcase name="logIn" time="6.161" classname="test.TC4Test"/>
  <system-out/>
  <testcase name="clickWomen" time="1.914" classname="test.TC4Test"/>
  <system-out/>
  <testcase name="openMenu" time="1.509" classname="test.TC4Test"/>
  <system-out/>
  <testcase name="addItem" time="0.394" classname="test.TC4Test"/>
  <system-out/>
  <testcase name="checkItems" time="3.285" classname="test.TC4Test"/>
  <system-out/>
</testsuite> <!-- test.TC4Test -->
