<?xml version="1.0" encoding="UTF-8"?>
<!-- Generated by org.testng.reporters.JUnitReportReporter -->
<testsuite skipped="0" hostname="DESKTOP-DSBJOCJ" name="test.DeleteWishlistTest" tests="3" failures="0" timestamp="2020-07-26T20:33:36 CEST" time="6.822" errors="0">
  <testcase name="logIn" time="6.547" classname="test.DeleteWishlistTest"/>
  <system-out/>
  <testcase name="delete" time="0.184" classname="test.DeleteWishlistTest"/>
  <system-out/>
  <testcase name="countwishlist" time="0.091" classname="test.DeleteWishlistTest"/>
  <system-out/>
</testsuite> <!-- test.DeleteWishlistTest -->
