<?xml version="1.0" encoding="UTF-8"?>
<!-- Generated by org.testng.reporters.JUnitReportReporter -->
<testsuite skipped="0" hostname="DESKTOP-DSBJOCJ" name="test.TC4Test" tests="4" failures="0" timestamp="2020-08-23T22:01:16 CEST" time="11.189" errors="0">
  <testcase name="logIn" time="6.651" classname="test.TC4Test"/>
  <system-out/>
  <testcase name="clickWomen" time="2.252" classname="test.TC4Test"/>
  <system-out/>
  <testcase name="openMenu" time="1.897" classname="test.TC4Test"/>
  <system-out/>
  <testcase name="addItem" time="0.389" classname="test.TC4Test"/>
  <system-out/>
</testsuite> <!-- test.TC4Test -->
