<?xml version="1.0" encoding="UTF-8"?>
<!-- Generated by org.testng.reporters.JUnitReportReporter -->
<testsuite skipped="0" hostname="DESKTOP-DSBJOCJ" name="test.CreateWishlistTest" tests="2" failures="0" timestamp="2020-08-23T22:04:19 CEST" time="16.517" errors="0">
  <testcase name="logIn" time="4.594" classname="test.CreateWishlistTest"/>
  <system-out/>
  <testcase name="cretewishlist" time="11.923" classname="test.CreateWishlistTest"/>
  <system-out/>
</testsuite> <!-- test.CreateWishlistTest -->
