<?xml version="1.0" encoding="UTF-8"?>
<!-- Generated by org.testng.reporters.JUnitReportReporter -->
<testsuite skipped="0" hostname="DESKTOP-DSBJOCJ" name="test.CreateWishlistTest" tests="3" failures="0" timestamp="2020-07-26T20:42:32 CEST" time="10.661" errors="0">
  <testcase name="logIn" time="5.235" classname="test.CreateWishlistTest"/>
  <system-out/>
  <testcase name="cretewishlist" time="5.391" classname="test.CreateWishlistTest"/>
  <system-out/>
  <testcase name="countwishlist" time="0.035" classname="test.CreateWishlistTest"/>
  <system-out/>
</testsuite> <!-- test.CreateWishlistTest -->
